<?xml version="1.0" encoding="UTF-8"?>
<!DOCTYPE mapper PUBLIC "-//mybatis.org//DTD Mapper 3.0//EN" "http://mybatis.org/dtd/mybatis-3-mapper.dtd">
<mapper namespace="test.sql">

	<!-- <select id="selectTest01List" resultType="kr.com.jc2019.main.vo.Test01Vo"> -->
	<select id="selectTest01List" resultType="kr.com.jc2019.main.vo.Test01Vo">
		SELECT
			A
		FROM
			TEST01
	</select>

</mapper>
